<?xml version="1.0" encoding="UTF-8"?>
<!-- Generated by org.testng.reporters.JUnitReportReporter -->
<testsuite hostname="NWCHNLAP002" failures="0" tests="1" name="General_Preparation.P_01_Print_String_In_One_by_One_Order" time="3.115" errors="0" timestamp="2022-06-26T22:37:09 IST" skipped="0">
  <testcase classname="General_Preparation.P_01_Print_String_In_One_by_One_Order" name="P1" time="3.115"/>
  <system-out/>
</testsuite> <!-- General_Preparation.P_01_Print_String_In_One_by_One_Order -->
