<?xml version="1.0" encoding="UTF-8"?>
<!-- Generated by org.testng.reporters.JUnitReportReporter -->
<testsuite hostname="NWCHNLAP002" failures="0" tests="1" name="General_Preparation.P_02_Print_String_In_Reverse_Order" time="5.577" errors="0" timestamp="2022-06-26T22:50:22 IST" skipped="0">
  <testcase classname="General_Preparation.P_02_Print_String_In_Reverse_Order" name="P_2" time="5.577"/>
  <system-out/>
</testsuite> <!-- General_Preparation.P_02_Print_String_In_Reverse_Order -->
