<?xml version="1.0" encoding="UTF-8"?>
<!-- Generated by org.testng.reporters.JUnitReportReporter -->
<testsuite hostname="NWCHNLAP002" failures="0" tests="1" name="General_Preparation.P_03_Reverse_String_Palindrome" time="8.511" errors="0" timestamp="2022-06-26T23:06:32 IST" skipped="0">
  <testcase classname="General_Preparation.P_03_Reverse_String_Palindrome" name="P_3" time="8.511"/>
  <system-out/>
</testsuite> <!-- General_Preparation.P_03_Reverse_String_Palindrome -->
